<?xml version="1.0" encoding="UTF-8"?>
<!-- Generated by org.testng.reporters.JUnitXMLReporter -->
<testsuite ignored="2" hostname="DESKTOP-2L7QON7" failures="0" tests="1" name="AppTesting" time="31.394" errors="0" timestamp="2023-11-01T09:13:01 ICT">
  <testcase classname="com.app.tests.SpeakLangTests" name="verifySignUp" time="25.523"/>
  <testcase classname="com.app.tests.SpeakLangTests" name="verifyHomePage" time="0.0">
    <ignored/>
  </testcase> <!-- verifyHomePage -->
  <testcase classname="com.app.tests.SpeakLangTests" name="verifyAppLogin" time="0.0">
    <ignored/>
  </testcase> <!-- verifyAppLogin -->
</testsuite> <!-- AppTesting -->
