<?xml version="1.0" encoding="UTF-8"?>
<!-- Generated by org.testng.reporters.JUnitXMLReporter -->
<testsuite ignored="1" hostname="DESKTOP-2L7QON7" failures="0" tests="1" name="Default test" time="194.404" errors="0" timestamp="2023-09-17T01:07:06 ICT">
  <testcase classname="com.app.tests.SpeakLangTests" name="verifySignUp" time="188.199"/>
  <testcase classname="com.app.tests.SpeakLangTests" name="verifyHomePage" time="0.0">
    <ignored/>
  </testcase> <!-- verifyHomePage -->
</testsuite> <!-- Default test -->
