<?xml version="1.0" encoding="UTF-8"?>
<testng-results ignored="1" total="2" passed="1" failed="0" skipped="0">
  <reporter-output>
  </reporter-output>
  <suite started-at="2023-09-17T01:24:42 ICT" name="Default suite" finished-at="2023-09-17T01:25:14 ICT" duration-ms="31984">
    <groups>
    </groups>
    <test started-at="2023-09-17T01:24:42 ICT" name="Default test" finished-at="2023-09-17T01:25:14 ICT" duration-ms="31984">
      <class name="com.app.tests.SpeakLangTests">
        <test-method is-config="true" signature="beforeMethod()[pri:0, instance:com.app.tests.SpeakLangTests@909217e]" started-at="2023-09-17T01:24:42 ICT" name="beforeMethod" finished-at="2023-09-17T01:24:48 ICT" duration-ms="5699" status="PASS">
          <reporter-output>
          </reporter-output>
        </test-method> <!-- beforeMethod -->
        <test-method signature="verifySignUp()[pri:0, instance:com.app.tests.SpeakLangTests@909217e]" started-at="2023-09-17T01:24:48 ICT" name="verifySignUp" finished-at="2023-09-17T01:25:13 ICT" duration-ms="25429" status="PASS">
          <reporter-output>
          </reporter-output>
        </test-method> <!-- verifySignUp -->
        <test-method is-config="true" signature="afterMethod()[pri:0, instance:com.app.tests.SpeakLangTests@909217e]" started-at="2023-09-17T01:25:13 ICT" name="afterMethod" finished-at="2023-09-17T01:25:14 ICT" duration-ms="743" status="PASS">
          <reporter-output>
          </reporter-output>
        </test-method> <!-- afterMethod -->
      </class> <!-- com.app.tests.SpeakLangTests -->
    </test> <!-- Default test -->
  </suite> <!-- Default suite -->
</testng-results>
